Arguments: 
  C:\Program Files\nodejs\node.exe C:\Users\Soppiya\Downloads\elementus\.yarn\releases\yarn-1.22.19.cjs

PATH: 
  C:\Windows\system32;C:\Windows;C:\Windows\System32\Wbem;C:\Windows\System32\WindowsPowerShell\v1.0\;C:\Windows\System32\OpenSSH\;C:\Program Files\Git\cmd;C:\Program Files\nodejs\;C:\Users\Soppiya\AppData\Roaming\npm;C:\Users\Soppiya\AppData\Local\Programs\Microsoft VS Code\bin

Yarn version: 
  1.22.19

Node version: 
  18.17.1

Platform: 
  win32 x64

Trace: 
  Error: https://registry.yarnpkg.com/@soppiya%2fautomation: Not found
      at params.callback [as _callback] (C:\Users\Soppiya\Downloads\elementus\.yarn\releases\yarn-1.22.19.cjs:77675:18)
      at self.callback (C:\Users\Soppiya\Downloads\elementus\.yarn\releases\yarn-1.22.19.cjs:135297:22)
      at Request.emit (node:events:514:28)
      at Request.<anonymous> (C:\Users\Soppiya\Downloads\elementus\.yarn\releases\yarn-1.22.19.cjs:136269:10)
      at Request.emit (node:events:514:28)
      at IncomingMessage.<anonymous> (C:\Users\Soppiya\Downloads\elementus\.yarn\releases\yarn-1.22.19.cjs:136191:12)
      at Object.onceWrapper (node:events:628:28)
      at IncomingMessage.emit (node:events:526:35)
      at endReadableNT (node:internal/streams/readable:1359:12)
      at process.processTicksAndRejections (node:internal/process/task_queues:82:21)

npm manifest: 
  {
    "name": "@soppiya/elementus",
    "version": "1.0.0",
    "description": "Design system for Soppiya CMS",
    "repository": {
      "type": "git",
      "url": "git+https://github.com/soppiyaCMS/elementus.git"
    },
    "keywords": [
      "Soppiya",
      "design",
      "system",
      "elementus"
    ],
    "author": "Asad Bin Abdullah",
    "license": "MIT",
    "bugs": {
      "url": "https://github.com/soppiyaCMS/elementus/issues"
    },
    "homepage": "https://github.com/soppiyaCMS/elementus#readme",
    "files": [
      "dist/**/*"
    ],
    "main": "dist/index.js",
    "types": "dist/index.d.ts",
    "type": "module",
    "scripts": {
      "build": "bash ./start.sh",
      "rollup": "rollup -c --bundleConfigAsCjs",
      "lint": "eslint . --ext ts,tsx --report-unused-disable-directives --max-warnings 0",
      "storybook": "storybook dev -p 6006",
      "build-storybook": "storybook build"
    },
    "devDependencies": {
      "@rollup/plugin-alias": "^5.0.0",
      "@rollup/plugin-image": "^3.0.2",
      "@rollup/plugin-terser": "^0.4.3",
      "@storybook/addon-essentials": "7.3.2",
      "@storybook/addon-interactions": "7.3.2",
      "@storybook/addon-links": "7.3.2",
      "@storybook/addon-onboarding": "1.0.8",
      "@storybook/blocks": "7.3.2",
      "@storybook/react": "7.3.2",
      "@storybook/react-vite": "7.3.2",
      "@storybook/testing-library": "0.2.0",
      "@types/node": "^20.5.1",
      "@types/react": "^18.2.20",
      "@types/react-dom": "^18.2.7",
      "@typescript-eslint/eslint-plugin": "^6.0.0",
      "@typescript-eslint/parser": "^6.0.0",
      "@vitejs/plugin-react": "^4.0.3",
      "del": "^7.0.0",
      "eslint": "^8.45.0",
      "eslint-plugin-react-hooks": "^4.6.0",
      "eslint-plugin-react-refresh": "^0.4.3",
      "eslint-plugin-storybook": "^0.6.13",
      "gulp": "^4.0.2",
      "postcss": "^8.4.28",
      "postcss-modules": "^6.0.0",
      "react": "^18.2.0",
      "react-dom": "^18.2.0",
      "rollup": "^3.28.0",
      "rollup-plugin-peer-deps-external": "^2.2.4",
      "rollup-plugin-postcss": "^4.0.2",
      "rollup-plugin-typescript2": "^0.35.0",
      "sass": "^1.66.1",
      "storybook": "7.3.2",
      "typescript": "^5.1.6",
      "vite": "^4.4.5"
    },
    "peerDependencies": {
      "react": "^18.2.0",
      "react-dom": "^18.2.0",
      "react-select": "^5.7.4"
    },
    "dependencies": {
      "react-select": "^5.7.4"
    }
  }

yarn manifest: 
  No manifest

Lockfile: 
  No lockfile
